[2024-01-15 09:54:59] This is codeql database create redeye3 --language=java
[2024-01-15 09:54:59] Log file was started late.
[2024-01-15 09:54:59] [PROGRESS] database create> Initializing database at C:\Users\Admin\AndroidStudioProjects\OHC2\redeye3.
[2024-01-15 09:54:59] Running plumbing command: codeql database init --language=java --extractor-options-verbosity=1 --qlconfig-file=C:\Users\Admin\AndroidStudioProjects\OHC2\qlconfig.yml --source-root=C:\Users\Admin\AndroidStudioProjects\OHC2 --allow-missing-source-root=false --allow-already-existing -- C:\Users\Admin\AndroidStudioProjects\OHC2\redeye3
[2024-01-15 09:54:59] Calling plumbing command: codeql resolve languages --extractor-options-verbosity=1 --format=betterjson
[2024-01-15 09:55:00] [DETAILS] resolve languages> Scanning for [codeql-extractor.yml] from C:\Users\Admin\Downloads\codeql\.codeqlmanifest.json
[2024-01-15 09:55:00] [DETAILS] resolve languages> Parsing C:\Users\Admin\Downloads\codeql\cpp\codeql-extractor.yml.
[2024-01-15 09:55:00] [DETAILS] resolve languages> Parsing C:\Users\Admin\Downloads\codeql\csharp\codeql-extractor.yml.
[2024-01-15 09:55:00] [DETAILS] resolve languages> Parsing C:\Users\Admin\Downloads\codeql\csv\codeql-extractor.yml.
[2024-01-15 09:55:00] [DETAILS] resolve languages> Parsing C:\Users\Admin\Downloads\codeql\go\codeql-extractor.yml.
[2024-01-15 09:55:00] [DETAILS] resolve languages> Parsing C:\Users\Admin\Downloads\codeql\html\codeql-extractor.yml.
[2024-01-15 09:55:00] [DETAILS] resolve languages> Parsing C:\Users\Admin\Downloads\codeql\java\codeql-extractor.yml.
[2024-01-15 09:55:00] [DETAILS] resolve languages> Parsing C:\Users\Admin\Downloads\codeql\javascript\codeql-extractor.yml.
[2024-01-15 09:55:00] [DETAILS] resolve languages> Parsing C:\Users\Admin\Downloads\codeql\properties\codeql-extractor.yml.
[2024-01-15 09:55:00] [DETAILS] resolve languages> Parsing C:\Users\Admin\Downloads\codeql\python\codeql-extractor.yml.
[2024-01-15 09:55:00] [DETAILS] resolve languages> Parsing C:\Users\Admin\Downloads\codeql\ruby\codeql-extractor.yml.
[2024-01-15 09:55:00] [DETAILS] resolve languages> Parsing C:\Users\Admin\Downloads\codeql\swift\codeql-extractor.yml.
[2024-01-15 09:55:00] [DETAILS] resolve languages> Parsing C:\Users\Admin\Downloads\codeql\xml\codeql-extractor.yml.
[2024-01-15 09:55:00] [DETAILS] resolve languages> Parsing C:\Users\Admin\Downloads\codeql\yaml\codeql-extractor.yml.
[2024-01-15 09:55:00] Plumbing command codeql resolve languages completed:
                      {
                        "aliases" : {
                          "c" : "cpp",
                          "c++" : "cpp",
                          "c-c++" : "cpp",
                          "c-cpp" : "cpp",
                          "c#" : "csharp",
                          "java-kotlin" : "java",
                          "kotlin" : "java",
                          "javascript-typescript" : "javascript",
                          "typescript" : "javascript"
                        },
                        "extractors" : {
                          "cpp" : [
                            {
                              "extractor_root" : "C:\\Users\\Admin\\Downloads\\codeql\\cpp",
                              "extractor_options" : { }
                            }
                          ],
                          "csharp" : [
                            {
                              "extractor_root" : "C:\\Users\\Admin\\Downloads\\codeql\\csharp",
                              "extractor_options" : {
                                "trap" : {
                                  "title" : "Options pertaining to TRAP.",
                                  "description" : "Options pertaining to TRAP.",
                                  "type" : "object",
                                  "properties" : {
                                    "compression" : {
                                      "title" : "Controls compression for the TRAP files written by the extractor.",
                                      "description" : "This option is only intended for use in debugging the extractor. Accepted values are 'brotli' (the default, to write brotli-compressed TRAP), 'gzip', and 'none' (to write uncompressed TRAP).\n",
                                      "type" : "string",
                                      "pattern" : "^(none|gzip|brotli)$"
                                    }
                                  }
                                },
                                "buildless" : {
                                  "title" : "Whether to use buildless (standalone) extraction.",
                                  "description" : "A value indicating, which type of extraction the autobuilder should perform. If 'true', then the standalone extractor will be used, otherwise tracing extraction will be performed. The default is 'false'. Note that buildless extraction will generally yield less accurate analysis results, and should only be used in cases where it is not possible to build the code (for example if it uses inaccessible dependencies).\n",
                                  "type" : "string",
                                  "pattern" : "^(false|true)$"
                                },
                                "cil" : {
                                  "title" : "Whether to enable CIL extraction.",
                                  "description" : "A value indicating, whether CIL extraction should be enabled. The default is 'true'.\n",
                                  "type" : "string",
                                  "pattern" : "^(false|true)$"
                                }
                              }
                            }
                          ],
                          "csv" : [
                            {
                              "extractor_root" : "C:\\Users\\Admin\\Downloads\\codeql\\csv"
                            }
                          ],
                          "go" : [
                            {
                              "extractor_root" : "C:\\Users\\Admin\\Downloads\\codeql\\go"
                            }
                          ],
                          "html" : [
                            {
                              "extractor_root" : "C:\\Users\\Admin\\Downloads\\codeql\\html"
                            }
                          ],
                          "java" : [
                            {
                              "extractor_root" : "C:\\Users\\Admin\\Downloads\\codeql\\java",
                              "extractor_options" : {
                                "exclude" : {
                                  "title" : "A glob excluding files from analysis.",
                                  "description" : "A glob indicating what files to exclude from the analysis.\n",
                                  "type" : "string"
                                },
                                "add_prefer_source" : {
                                  "title" : "Whether to always prefer source files over class files.",
                                  "description" : "A value indicating whether source files should be preferred over class files. If set to 'true', the extraction adds '-Xprefer:source' to the javac command line. If set to 'false', the extraction uses the default javac behavior ('-Xprefer:newer'). The default is 'true'.\n",
                                  "type" : "string",
                                  "pattern" : "^(false|true)$"
                                },
                                "buildless" : {
                                  "title" : "Whether to use buildless (standalone) extraction (experimental).",
                                  "description" : "A value indicating, which type of extraction the autobuilder should perform. If 'true', then the standalone extractor will be used, otherwise tracing extraction will be performed. The default is 'false'. Note that buildless extraction will generally yield less accurate analysis results, and should only be used in cases where it is not possible to build the code (for example if it uses inaccessible dependencies).\n",
                                  "type" : "string",
                                  "pattern" : "^(false|true)$"
                                }
                              }
                            }
                          ],
                          "javascript" : [
                            {
                              "extractor_root" : "C:\\Users\\Admin\\Downloads\\codeql\\javascript",
                              "extractor_options" : {
                                "skip_types" : {
                                  "title" : "Skip type extraction for TypeScript",
                                  "description" : "Whether to skip the extraction of types in a TypeScript application",
                                  "type" : "string",
                                  "pattern" : "^(false|true)$"
                                }
                              }
                            }
                          ],
                          "properties" : [
                            {
                              "extractor_root" : "C:\\Users\\Admin\\Downloads\\codeql\\properties"
                            }
                          ],
                          "python" : [
                            {
                              "extractor_root" : "C:\\Users\\Admin\\Downloads\\codeql\\python",
                              "extractor_options" : {
                                "logging" : {
                                  "title" : "Options pertaining to logging.",
                                  "description" : "Options pertaining to logging.",
                                  "type" : "object",
                                  "properties" : {
                                    "verbosity" : {
                                      "title" : "Python extractor logging verbosity level.",
                                      "description" : "Controls the level of verbosity of the CodeQL Python extractor.\nThe supported levels are (in order of increasing verbosity):\n\n  - off\n  - errors\n  - warnings\n  - info or progress\n  - debug or progress+\n  - trace or progress++\n  - progress+++\n",
                                      "type" : "string",
                                      "pattern" : "^(off|errors|warnings|(info|progress)|(debug|progress\\+)|(trace|progress\\+\\+)|progress\\+\\+\\+)$"
                                    }
                                  }
                                }
                              }
                            }
                          ],
                          "ruby" : [
                            {
                              "extractor_root" : "C:\\Users\\Admin\\Downloads\\codeql\\ruby",
                              "extractor_options" : {
                                "trap" : {
                                  "title" : "Options pertaining to TRAP.",
                                  "description" : "Options pertaining to TRAP.",
                                  "type" : "object",
                                  "properties" : {
                                    "compression" : {
                                      "title" : "Controls compression for the TRAP files written by the extractor.",
                                      "description" : "This option is only intended for use in debugging the extractor. Accepted values are 'gzip' (the default, to write gzip-compressed TRAP) and 'none' (to write uncompressed TRAP).\n",
                                      "type" : "string",
                                      "pattern" : "^(none|gzip)$"
                                    }
                                  }
                                }
                              }
                            }
                          ],
                          "swift" : [
                            {
                              "extractor_root" : "C:\\Users\\Admin\\Downloads\\codeql\\swift"
                            }
                          ],
                          "xml" : [
                            {
                              "extractor_root" : "C:\\Users\\Admin\\Downloads\\codeql\\xml"
                            }
                          ],
                          "yaml" : [
                            {
                              "extractor_root" : "C:\\Users\\Admin\\Downloads\\codeql\\yaml"
                            }
                          ]
                        }
                      }
[2024-01-15 09:55:01] [PROGRESS] database init> Calculating baseline information in C:\Users\Admin\AndroidStudioProjects\OHC2
[2024-01-15 09:55:01] [SPAMMY] database init> Ignoring the following directories when processing baseline information: .git, .hg, .svn.
[2024-01-15 09:55:01] [DETAILS] database init> Running command in C:\Users\Admin\AndroidStudioProjects\OHC2: C:\Users\Admin\Downloads\codeql\tools\win64\scc.exe --by-file --exclude-dir .git,.hg,.svn --format json --no-large --no-min .
[2024-01-15 09:55:02] [SPAMMY] database init> Found 68 baseline files for java.
[2024-01-15 09:55:02] [PROGRESS] database init> Calculated baseline information for languages: java (1.1s).
[2024-01-15 09:55:02] [PROGRESS] database init> Resolving extractor java.
[2024-01-15 09:55:02] [DETAILS] database init> Found candidate extractor root for java: C:\Users\Admin\Downloads\codeql\java.
[2024-01-15 09:55:02] [PROGRESS] database init> Successfully loaded extractor Java/Kotlin (java) from C:\Users\Admin\Downloads\codeql\java.
[2024-01-15 09:55:02] [PROGRESS] database init> Created skeleton CodeQL database at C:\Users\Admin\AndroidStudioProjects\OHC2\redeye3. This in-progress database is ready to be populated by an extractor.
[2024-01-15 09:55:02] Plumbing command codeql database init completed.
[2024-01-15 09:55:02] Using autobuild script C:\Users\Admin\Downloads\codeql\java\tools\autobuild.cmd.
[2024-01-15 09:55:02] [DETAILS] database create> Detected autobuild command for Java/Kotlin: C:\Users\Admin\Downloads\codeql\java\tools\autobuild.cmd.
[2024-01-15 09:55:02] [PROGRESS] database create> Running build command: [C:\Users\Admin\Downloads\codeql\java\tools\autobuild.cmd]
[2024-01-15 09:55:02] Running plumbing command: codeql database trace-command --working-dir=C:\Users\Admin\AndroidStudioProjects\OHC2 --index-traceless-dbs --no-db-cluster -- C:\Users\Admin\AndroidStudioProjects\OHC2\redeye3 C:\Users\Admin\Downloads\codeql\java\tools\autobuild.cmd
[2024-01-15 09:55:02] [PROGRESS] database trace-command> Running command in C:\Users\Admin\AndroidStudioProjects\OHC2: [C:\Users\Admin\Downloads\codeql\java\tools\autobuild.cmd]
[2024-01-15 09:55:04] [build-stdout] [2024-01-15 09:55:04] Build directory is C:\Users\Admin\AndroidStudioProjects\OHC2\.
[2024-01-15 09:55:04] [build-stdout] [2024-01-15 09:55:04] Found no Java toolchains in a toolchains file, inspecting environment variables...
[2024-01-15 09:55:04] [build-stdout] [2024-01-15 09:55:04] Found no Java toolchains in a toolchains file, inspecting environment variables...
[2024-01-15 09:55:05] [build-stdout] [2024-01-15 09:55:05] [WARN] Identified 17.0.0 as the newest version of Java supported by the version of Gradle in use, but no version that is equal to or less than that is available on this system.
[2024-01-15 09:55:05] [build-stdout] [2024-01-15 09:55:05] [autobuild] > gradlew.bat --no-daemon -S -Dorg.gradle.dependency.verification=off -Dorg.gradle.warning.mode=none --init-script "C:\\Users\\Admin\\AppData\\Local\\Temp\\semmleTempDir-4\\init.gradle" clean
[2024-01-15 09:55:16] [build-stdout] [2024-01-15 09:55:16] [autobuild] To honour the JVM settings for this build a single-use Daemon process will be forked. See https://docs.gradle.org/7.4/userguide/gradle_daemon.html#sec:disabling_the_daemon.
[2024-01-15 09:55:27] [build-stdout] [2024-01-15 09:55:27] [autobuild] Daemon will be stopped at the end of the build 
[2024-01-15 09:55:57] [build-stdout] [2024-01-15 09:55:57] [autobuild] > Task :app:clean
[2024-01-15 09:55:57] [build-stdout] [2024-01-15 09:55:57] [autobuild] BUILD SUCCESSFUL in 48s
[2024-01-15 09:55:57] [build-stdout] [2024-01-15 09:55:57] [autobuild] 1 actionable task: 1 executed
[2024-01-15 09:55:57] [build-stdout] [2024-01-15 09:55:57] [autobuild] > gradlew.bat --no-daemon -S -Dorg.gradle.dependency.verification=off -Dorg.gradle.warning.mode=none --init-script "C:\\Users\\Admin\\AppData\\Local\\Temp\\semmleTempDir-4\\init.gradle" assemble
[2024-01-15 09:56:01] [build-stdout] [2024-01-15 09:56:01] [autobuild] To honour the JVM settings for this build a single-use Daemon process will be forked. See https://docs.gradle.org/7.4/userguide/gradle_daemon.html#sec:disabling_the_daemon.
[2024-01-15 09:56:05] [build-stdout] [2024-01-15 09:56:05] [autobuild] Daemon will be stopped at the end of the build 
[2024-01-15 09:56:23] [build-stdout] [2024-01-15 09:56:23] [autobuild] > Task :app:preBuild UP-TO-DATE
[2024-01-15 09:56:23] [build-stdout] [2024-01-15 09:56:23] [autobuild] > Task :app:preDebugBuild UP-TO-DATE
[2024-01-15 09:56:23] [build-stdout] [2024-01-15 09:56:23] [autobuild] > Task :app:mergeDebugNativeDebugMetadata NO-SOURCE
[2024-01-15 09:56:23] [build-stdout] [2024-01-15 09:56:23] [autobuild] > Task :app:compileDebugAidl NO-SOURCE
[2024-01-15 09:56:23] [build-stdout] [2024-01-15 09:56:23] [autobuild] > Task :app:compileDebugRenderscript NO-SOURCE
[2024-01-15 09:56:24] [build-stdout] [2024-01-15 09:56:24] [autobuild] > Task :app:generateDebugBuildConfig
[2024-01-15 09:56:24] [build-stdout] [2024-01-15 09:56:24] [autobuild] > Task :app:javaPreCompileDebug
[2024-01-15 09:56:27] [build-stdout] [2024-01-15 09:56:27] [autobuild] > Task :app:generateDebugResValues
[2024-01-15 09:56:27] [build-stdout] [2024-01-15 09:56:27] [autobuild] > Task :app:checkDebugAarMetadata
[2024-01-15 09:56:27] [build-stdout] [2024-01-15 09:56:27] [autobuild] > Task :app:processDebugGoogleServices
[2024-01-15 09:56:27] [build-stdout] [2024-01-15 09:56:27] [autobuild] > Task :app:mapDebugSourceSetPaths
[2024-01-15 09:56:27] [build-stdout] [2024-01-15 09:56:27] [autobuild] > Task :app:generateDebugResources
[2024-01-15 09:56:47] [build-stdout] [2024-01-15 09:56:47] [autobuild] > Task :app:packageDebugResources
[2024-01-15 09:56:48] [build-stdout] [2024-01-15 09:56:48] [autobuild] > Task :app:createDebugCompatibleScreenManifests
[2024-01-15 09:56:48] [build-stdout] [2024-01-15 09:56:48] [autobuild] > Task :app:extractDeepLinksDebug
[2024-01-15 09:56:49] [build-stdout] [2024-01-15 09:56:49] [autobuild] > Task :app:parseDebugLocalResources
[2024-01-15 09:56:50] [build-stdout] [2024-01-15 09:56:50] [autobuild] > Task :app:mergeDebugResources
[2024-01-15 09:56:50] [build-stdout] [2024-01-15 09:56:50] [autobuild] > Task :app:processDebugMainManifest
[2024-01-15 09:56:51] [build-stdout] [2024-01-15 09:56:51] [autobuild] > Task :app:processDebugManifest
[2024-01-15 09:56:51] [build-stdout] [2024-01-15 09:56:51] [autobuild] > Task :app:mergeDebugShaders
[2024-01-15 09:56:51] [build-stdout] [2024-01-15 09:56:51] [autobuild] > Task :app:compileDebugShaders NO-SOURCE
[2024-01-15 09:56:51] [build-stdout] [2024-01-15 09:56:51] [autobuild] > Task :app:generateDebugAssets UP-TO-DATE
[2024-01-15 09:56:52] [build-stdout] [2024-01-15 09:56:52] [autobuild] > Task :app:mergeDebugAssets
[2024-01-15 09:56:52] [build-stdout] [2024-01-15 09:56:52] [autobuild] > Task :app:compressDebugAssets
[2024-01-15 09:56:52] [build-stdout] [2024-01-15 09:56:52] [autobuild] > Task :app:processDebugJavaRes NO-SOURCE
[2024-01-15 09:56:53] [build-stdout] [2024-01-15 09:56:53] [autobuild] > Task :app:checkDebugDuplicateClasses
[2024-01-15 09:56:53] [build-stdout] [2024-01-15 09:56:53] [autobuild] > Task :app:desugarDebugFileDependencies
[2024-01-15 09:56:55] [build-stdout] [2024-01-15 09:56:55] [autobuild] > Task :app:mergeLibDexDebug
[2024-01-15 09:56:55] [build-stdout] [2024-01-15 09:56:55] [autobuild] > Task :app:processDebugManifestForPackage
[2024-01-15 09:56:56] [build-stdout] [2024-01-15 09:56:56] [autobuild] > Task :app:mergeDebugJniLibFolders
[2024-01-15 09:56:57] [build-stdout] [2024-01-15 09:56:57] [autobuild] > Task :app:mergeDebugNativeLibs NO-SOURCE
[2024-01-15 09:56:57] [build-stdout] [2024-01-15 09:56:57] [autobuild] > Task :app:stripDebugDebugSymbols NO-SOURCE
[2024-01-15 09:56:57] [build-stdout] [2024-01-15 09:56:57] [autobuild] > Task :app:validateSigningDebug
[2024-01-15 09:56:58] [build-stdout] [2024-01-15 09:56:58] [autobuild] > Task :app:writeDebugAppMetadata
[2024-01-15 09:56:59] [build-stdout] [2024-01-15 09:56:59] [autobuild] > Task :app:writeDebugSigningConfigVersions
[2024-01-15 09:56:59] [build-stdout] [2024-01-15 09:56:59] [autobuild] > Task :app:preReleaseBuild UP-TO-DATE
[2024-01-15 09:56:59] [build-stdout] [2024-01-15 09:56:59] [autobuild] > Task :app:compileReleaseAidl NO-SOURCE
[2024-01-15 09:56:59] [build-stdout] [2024-01-15 09:56:59] [autobuild] > Task :app:compileReleaseRenderscript NO-SOURCE
[2024-01-15 09:56:59] [build-stdout] [2024-01-15 09:56:59] [autobuild] > Task :app:generateReleaseBuildConfig
[2024-01-15 09:57:15] [build-stdout] [2024-01-15 09:57:15] [autobuild] > Task :app:processDebugResources
[2024-01-15 09:57:16] [build-stdout] [2024-01-15 09:57:16] [autobuild] > Task :app:javaPreCompileRelease
[2024-01-15 09:57:17] [build-stdout] [2024-01-15 09:57:17] [autobuild] > Task :app:mergeExtDexDebug
[2024-01-15 09:57:18] [build-stdout] [2024-01-15 09:57:18] [autobuild] > Task :app:mergeDebugJavaResource
[2024-01-15 09:57:27] [build-stdout] [2024-01-15 09:57:27] [autobuild] > Task :app:compileDebugJavaWithJavac
[2024-01-15 09:57:27] [build-stdout] [2024-01-15 09:57:27] [autobuild] Note: Some input files use or override a deprecated API.
[2024-01-15 09:57:27] [build-stdout] [2024-01-15 09:57:27] [autobuild] Note: Recompile with -Xlint:deprecation for details.
[2024-01-15 09:57:27] [build-stdout] [2024-01-15 09:57:27] [autobuild] Note: Some input files use unchecked or unsafe operations.
[2024-01-15 09:57:27] [build-stdout] [2024-01-15 09:57:27] [autobuild] Note: Recompile with -Xlint:unchecked for details.
[2024-01-15 09:59:40] [build-stdout] [2024-01-15 09:59:40] [autobuild] > Task :app:dexBuilderDebug
[2024-01-15 09:59:40] [build-stdout] [2024-01-15 09:59:40] [autobuild] > Task :app:writeReleaseApplicationId
[2024-01-15 09:59:40] [build-stdout] [2024-01-15 09:59:40] [autobuild] > Task :app:analyticsRecordingRelease
[2024-01-15 09:59:41] [build-stdout] [2024-01-15 09:59:41] [autobuild] > Task :app:mergeProjectDexDebug
[2024-01-15 09:59:41] [build-stdout] [2024-01-15 09:59:41] [autobuild] > Task :app:generateReleaseResValues
[2024-01-15 09:59:41] [build-stdout] [2024-01-15 09:59:41] [autobuild] > Task :app:checkReleaseAarMetadata
[2024-01-15 09:59:41] [build-stdout] [2024-01-15 09:59:41] [autobuild] > Task :app:processReleaseGoogleServices
[2024-01-15 09:59:41] [build-stdout] [2024-01-15 09:59:41] [autobuild] > Task :app:mapReleaseSourceSetPaths
[2024-01-15 09:59:41] [build-stdout] [2024-01-15 09:59:41] [autobuild] > Task :app:generateReleaseResources
[2024-01-15 09:59:54] [build-stdout] [2024-01-15 09:59:54] [autobuild] > Task :app:mergeReleaseResources
[2024-01-15 09:59:55] [build-stdout] [2024-01-15 09:59:55] [autobuild] > Task :app:packageReleaseResources
[2024-01-15 09:59:55] [build-stdout] [2024-01-15 09:59:55] [autobuild] > Task :app:createReleaseCompatibleScreenManifests
[2024-01-15 09:59:55] [build-stdout] [2024-01-15 09:59:55] [autobuild] > Task :app:extractDeepLinksRelease
[2024-01-15 09:59:56] [build-stdout] [2024-01-15 09:59:56] [autobuild] > Task :app:parseReleaseLocalResources
[2024-01-15 09:59:56] [build-stdout] [2024-01-15 09:59:56] [autobuild] > Task :app:processReleaseMainManifest
[2024-01-15 09:59:56] [build-stdout] [2024-01-15 09:59:56] [autobuild] > Task :app:processReleaseManifest
[2024-01-15 09:59:56] [build-stdout] [2024-01-15 09:59:56] [autobuild] > Task :app:extractProguardFiles
[2024-01-15 09:59:56] [build-stdout] [2024-01-15 09:59:56] [autobuild] > Task :app:mergeReleaseJniLibFolders
[2024-01-15 09:59:56] [build-stdout] [2024-01-15 09:59:56] [autobuild] > Task :app:mergeReleaseNativeLibs NO-SOURCE
[2024-01-15 09:59:56] [build-stdout] [2024-01-15 09:59:56] [autobuild] > Task :app:stripReleaseDebugSymbols NO-SOURCE
[2024-01-15 09:59:56] [build-stdout] [2024-01-15 09:59:56] [autobuild] > Task :app:extractReleaseNativeSymbolTables NO-SOURCE
[2024-01-15 09:59:56] [build-stdout] [2024-01-15 09:59:56] [autobuild] > Task :app:mergeReleaseNativeDebugMetadata NO-SOURCE
[2024-01-15 09:59:56] [build-stdout] [2024-01-15 09:59:56] [autobuild] > Task :app:checkReleaseDuplicateClasses
[2024-01-15 09:59:56] [build-stdout] [2024-01-15 09:59:56] [autobuild] > Task :app:packageDebug
[2024-01-15 09:59:56] [build-stdout] [2024-01-15 09:59:56] [autobuild] > Task :app:createDebugApkListingFileRedirect
[2024-01-15 09:59:56] [build-stdout] [2024-01-15 09:59:56] [autobuild] > Task :app:assembleDebug
[2024-01-15 09:59:56] [build-stdout] [2024-01-15 09:59:56] [autobuild] > Task :app:desugarReleaseFileDependencies
[2024-01-15 09:59:57] [build-stdout] [2024-01-15 09:59:57] [autobuild] > Task :app:mergeReleaseArtProfile UP-TO-DATE
[2024-01-15 09:59:57] [build-stdout] [2024-01-15 09:59:57] [autobuild] > Task :app:mergeReleaseShaders
[2024-01-15 09:59:57] [build-stdout] [2024-01-15 09:59:57] [autobuild] > Task :app:compileReleaseShaders NO-SOURCE
[2024-01-15 09:59:57] [build-stdout] [2024-01-15 09:59:57] [autobuild] > Task :app:generateReleaseAssets UP-TO-DATE
[2024-01-15 09:59:57] [build-stdout] [2024-01-15 09:59:57] [autobuild] > Task :app:mergeReleaseAssets
[2024-01-15 09:59:57] [build-stdout] [2024-01-15 09:59:57] [autobuild] > Task :app:compressReleaseAssets
[2024-01-15 09:59:57] [build-stdout] [2024-01-15 09:59:57] [autobuild] > Task :app:processReleaseJavaRes NO-SOURCE
[2024-01-15 09:59:59] [build-stdout] [2024-01-15 09:59:59] [autobuild] > Task :app:collectReleaseDependencies
[2024-01-15 10:00:00] [build-stdout] [2024-01-15 10:00:00] [autobuild] > Task :app:processReleaseManifestForPackage
[2024-01-15 10:00:01] [build-stdout] [2024-01-15 10:00:01] [autobuild] > Task :app:sdkReleaseDependencyData
[2024-01-15 10:00:02] [build-stdout] [2024-01-15 10:00:02] [autobuild] > Task :app:writeReleaseAppMetadata
[2024-01-15 10:00:02] [build-stdout] [2024-01-15 10:00:02] [autobuild] > Task :app:writeReleaseSigningConfigVersions
[2024-01-15 10:00:05] [build-stdout] [2024-01-15 10:00:05] [autobuild] > Task :app:mergeExtDexRelease
[2024-01-15 10:00:07] [build-stdout] [2024-01-15 10:00:07] [autobuild] > Task :app:mergeReleaseJavaResource
[2024-01-15 10:00:07] [build-stdout] [2024-01-15 10:00:07] [autobuild] > Task :app:processReleaseResources
[2024-01-15 10:00:12] [build-stdout] [2024-01-15 10:00:12] [autobuild] > Task :app:compileReleaseJavaWithJavac
[2024-01-15 10:00:12] [build-stdout] [2024-01-15 10:00:12] [autobuild] Note: Some input files use or override a deprecated API.
[2024-01-15 10:00:12] [build-stdout] [2024-01-15 10:00:12] [autobuild] Note: Recompile with -Xlint:deprecation for details.
[2024-01-15 10:00:12] [build-stdout] [2024-01-15 10:00:12] [autobuild] Note: Some input files use unchecked or unsafe operations.
[2024-01-15 10:00:12] [build-stdout] [2024-01-15 10:00:12] [autobuild] Note: Recompile with -Xlint:unchecked for details.
[2024-01-15 10:00:29] [build-stdout] [2024-01-15 10:00:29] [autobuild] > Task :app:dexBuilderRelease
[2024-01-15 10:00:35] [build-stdout] [2024-01-15 10:00:35] [autobuild] > Task :app:optimizeReleaseResources
[2024-01-15 10:00:35] [build-stdout] [2024-01-15 10:00:35] [autobuild] > Task :app:lintVitalAnalyzeRelease
[2024-01-15 10:00:35] [build-stdout] [2024-01-15 10:00:35] [autobuild] e: C:/Users/Admin/.gradle/caches/transforms-3/3a65b4c0127a943a06bb64f56e5294c0/transformed/recaptcha-18.1.2/jars/classes.jar!/META-INF/java.com.google.android.libraries.abuse.recaptcha.common_logger.kotlin_module: Module was compiled with an incompatible version of Kotlin. The binary version of its metadata is 1.8.0, expected version is 1.6.0.
[2024-01-15 10:00:35] [build-stdout] [2024-01-15 10:00:35] [autobuild] e: C:/Users/Admin/.gradle/caches/transforms-3/3a65b4c0127a943a06bb64f56e5294c0/transformed/recaptcha-18.1.2/jars/classes.jar!/META-INF/recaptcha.proto.mobile_webview_sdk_kt_proto_lite.kotlin_module: Module was compiled with an incompatible version of Kotlin. The binary version of its metadata is 1.8.0, expected version is 1.6.0.
[2024-01-15 10:00:35] [build-stdout] [2024-01-15 10:00:35] [autobuild] e: C:/Users/Admin/.gradle/caches/transforms-3/3a65b4c0127a943a06bb64f56e5294c0/transformed/recaptcha-18.1.2/jars/classes.jar!/META-INF/recaptcha.proto.mobile_allowlist_kt_proto_lite.kotlin_module: Module was compiled with an incompatible version of Kotlin. The binary version of its metadata is 1.8.0, expected version is 1.6.0.
[2024-01-15 10:00:35] [build-stdout] [2024-01-15 10:00:35] [autobuild] e: C:/Users/Admin/.gradle/caches/transforms-3/3a65b4c0127a943a06bb64f56e5294c0/transformed/recaptcha-18.1.2/jars/classes.jar!/META-INF/java.com.google.android.libraries.abuse.recaptcha.enterprise.android_impl.kotlin_module: Module was compiled with an incompatible version of Kotlin. The binary version of its metadata is 1.8.0, expected version is 1.6.0.
[2024-01-15 10:00:35] [build-stdout] [2024-01-15 10:00:35] [autobuild] e: C:/Users/Admin/.gradle/caches/transforms-3/3a65b4c0127a943a06bb64f56e5294c0/transformed/recaptcha-18.1.2/jars/classes.jar!/META-INF/java.com.google.android.libraries.abuse.recaptcha.enterprise.internal.release.com.google.android.recaptcha.internal_release.kotlin_module: Module was compiled with an incompatible version of Kotlin. The binary version of its metadata is 1.8.0, expected version is 1.6.0.
[2024-01-15 10:00:35] [build-stdout] [2024-01-15 10:00:35] [autobuild] e: C:/Users/Admin/.gradle/caches/transforms-3/3a65b4c0127a943a06bb64f56e5294c0/transformed/recaptcha-18.1.2/jars/classes.jar!/META-INF/third_party.java_src.protobuf.current.java.com.google.protobuf.kotlin_only_for_use_in_proto_generated_code_its_generator_and_tests.kotlin_module: Module was compiled with an incompatible version of Kotlin. The binary version of its metadata is 1.8.0, expected version is 1.6.0.
[2024-01-15 10:00:35] [build-stdout] [2024-01-15 10:00:35] [autobuild] e: C:/Users/Admin/.gradle/caches/transforms-3/3a65b4c0127a943a06bb64f56e5294c0/transformed/recaptcha-18.1.2/jars/classes.jar!/META-INF/java.com.google.apps.tiktok.conformance.lint.checks_suppression_annotations.kotlin_module: Module was compiled with an incompatible version of Kotlin. The binary version of its metadata is 1.8.0, expected version is 1.6.0.
[2024-01-15 10:00:35] [build-stdout] [2024-01-15 10:00:35] [autobuild] e: C:/Users/Admin/.gradle/caches/transforms-3/3a65b4c0127a943a06bb64f56e5294c0/transformed/recaptcha-18.1.2/jars/classes.jar!/META-INF/third_party.java_src.protobuf.current.java.com.google.protobuf.kotlin_shared_runtime.kotlin_module: Module was compiled with an incompatible version of Kotlin. The binary version of its metadata is 1.8.0, expected version is 1.6.0.
[2024-01-15 10:00:35] [build-stdout] [2024-01-15 10:00:35] [autobuild] e: C:/Users/Admin/.gradle/caches/transforms-3/3a65b4c0127a943a06bb64f56e5294c0/transformed/recaptcha-18.1.2/jars/classes.jar!/META-INF/java.com.google.android.libraries.abuse.recaptcha.enterprise.public_public.kotlin_module: Module was compiled with an incompatible version of Kotlin. The binary version of its metadata is 1.8.0, expected version is 1.6.0.
[2024-01-15 10:00:35] [build-stdout] [2024-01-15 10:00:35] [autobuild] e: C:/Users/Admin/.gradle/caches/transforms-3/3a65b4c0127a943a06bb64f56e5294c0/transformed/recaptcha-18.1.2/jars/classes.jar!/META-INF/java.com.google.apps.tiktok.tracing_tracing_external.kotlin_module: Module was compiled with an incompatible version of Kotlin. The binary version of its metadata is 1.8.0, expected version is 1.6.0.
[2024-01-15 10:00:35] [build-stdout] [2024-01-15 10:00:35] [autobuild] e: C:/Users/Admin/.gradle/caches/transforms-3/3a65b4c0127a943a06bb64f56e5294c0/transformed/recaptcha-18.1.2/jars/classes.jar!/META-INF/java.com.google.android.libraries.abuse.recaptcha.vm.allowlist_allowlist.kotlin_module: Module was compiled with an incompatible version of Kotlin. The binary version of its metadata is 1.8.0, expected version is 1.6.0.
[2024-01-15 10:00:35] [build-stdout] [2024-01-15 10:00:35] [autobuild] e: C:/Users/Admin/.gradle/caches/transforms-3/3a65b4c0127a943a06bb64f56e5294c0/transformed/recaptcha-18.1.2/jars/classes.jar!/META-INF/java.com.google.android.libraries.abuse.recaptcha.enterprise.native_impl.kotlin_module: Module was compiled with an incompatible version of Kotlin. The binary version of its metadata is 1.8.0, expected version is 1.6.0.
[2024-01-15 10:00:35] [build-stdout] [2024-01-15 10:00:35] [autobuild] e: C:/Users/Admin/.gradle/caches/transforms-3/3a65b4c0127a943a06bb64f56e5294c0/transformed/recaptcha-18.1.2/jars/classes.jar!/META-INF/java.com.google.android.libraries.abuse.recaptcha.metricscollection_metricscollection.kotlin_module: Module was compiled with an incompatible version of Kotlin. The binary version of its metadata is 1.8.0, expected version is 1.6.0.
[2024-01-15 10:00:35] [build-stdout] [2024-01-15 10:00:35] [autobuild] e: C:/Users/Admin/.gradle/caches/transforms-3/3a65b4c0127a943a06bb64f56e5294c0/transformed/recaptcha-18.1.2/jars/classes.jar!/META-INF/java.com.google.android.libraries.abuse.recaptcha.enterprise_enterprise.kotlin_module: Module was compiled with an incompatible version of Kotlin. The binary version of its metadata is 1.8.0, expected version is 1.6.0.
[2024-01-15 10:00:35] [build-stdout] [2024-01-15 10:00:35] [autobuild] e: C:/Users/Admin/.gradle/caches/transforms-3/3a65b4c0127a943a06bb64f56e5294c0/transformed/recaptcha-18.1.2/jars/classes.jar!/META-INF/java.com.google.android.libraries.abuse.recaptcha.enterprise.internal_impl.kotlin_module: Module was compiled with an incompatible version of Kotlin. The binary version of its metadata is 1.8.0, expected version is 1.6.0.
[2024-01-15 10:00:35] [build-stdout] [2024-01-15 10:00:35] [autobuild] e: C:/Users/Admin/.gradle/caches/transforms-3/3a65b4c0127a943a06bb64f56e5294c0/transformed/recaptcha-18.1.2/jars/classes.jar!/META-INF/java.com.google.android.libraries.abuse.recaptcha.enterprise.internal_internal.kotlin_module: Module was compiled with an incompatible version of Kotlin. The binary version of its metadata is 1.8.0, expected version is 1.6.0.
[2024-01-15 10:00:35] [build-stdout] [2024-01-15 10:00:35] [autobuild] e: C:/Users/Admin/.gradle/caches/transforms-3/3a65b4c0127a943a06bb64f56e5294c0/transformed/recaptcha-18.1.2/jars/classes.jar!/META-INF/java.com.google.android.libraries.abuse.recaptcha.common_common_ktx.kotlin_module: Module was compiled with an incompatible version of Kotlin. The binary version of its metadata is 1.8.0, expected version is 1.6.0.
[2024-01-15 10:00:35] [build-stdout] [2024-01-15 10:00:35] [autobuild] > Task :app:mergeDexRelease
[2024-01-15 10:00:35] [build-stdout] [2024-01-15 10:00:35] [autobuild] > Task :app:compileReleaseArtProfile UP-TO-DATE
[2024-01-15 10:00:43] [build-stdout] [2024-01-15 10:00:43] [autobuild] > Task :app:packageRelease
[2024-01-15 10:00:43] [build-stdout] [2024-01-15 10:00:43] [autobuild] > Task :app:createReleaseApkListingFileRedirect
[2024-01-15 10:00:54] [build-stdout] [2024-01-15 10:00:54] [autobuild] > Task :app:lintVitalReportRelease
[2024-01-15 10:00:55] [build-stdout] [2024-01-15 10:00:55] [autobuild] > Task :app:lintVitalRelease FAILED
[2024-01-15 10:00:55] [build-stdout] [2024-01-15 10:00:55] [autobuild] C:\Users\Admin\AndroidStudioProjects\OHC2\app\src\main\res\layout\activity_add.xml:79: Error: Duplicate id @+id/textView10, already defined earlier in this layout [DuplicateIds]
[2024-01-15 10:00:55] [build-stdout] [2024-01-15 10:00:55] [autobuild]         android:id="@+id/textView10"
[2024-01-15 10:00:55] [build-stdout] [2024-01-15 10:00:55] [autobuild]         ~~~~~~~~~~~~~~~~~~~~~~~~~~~~
[2024-01-15 10:00:55] [build-stdout] [2024-01-15 10:00:55] [autobuild]     C:\Users\Admin\AndroidStudioProjects\OHC2\app\src\main\res\layout\activity_add.xml:26: Duplicate id @+id/textView10 originally defined here
[2024-01-15 10:00:55] [build-stdout] [2024-01-15 10:00:55] [autobuild]    Explanation for issues of type "DuplicateIds":
[2024-01-15 10:00:55] [build-stdout] [2024-01-15 10:00:55] [autobuild]    Within a layout, id's should be unique since otherwise findViewById() can
[2024-01-15 10:00:55] [build-stdout] [2024-01-15 10:00:55] [autobuild]    return an unexpected view.
[2024-01-15 10:00:55] [build-stdout] [2024-01-15 10:00:55] [autobuild] 1 errors, 0 warnings
[2024-01-15 10:00:55] [build-stdout] [2024-01-15 10:00:55] [autobuild] FAILURE: Build failed with an exception.
[2024-01-15 10:00:55] [build-stdout] [2024-01-15 10:00:55] [autobuild] * What went wrong:
[2024-01-15 10:00:55] [build-stdout] [2024-01-15 10:00:55] [autobuild] Execution failed for task ':app:lintVitalRelease'.
[2024-01-15 10:00:55] [build-stdout] [2024-01-15 10:00:55] [autobuild] > Lint found fatal errors while assembling a release target.
[2024-01-15 10:00:55] [build-stdout] [2024-01-15 10:00:55] [autobuild]   
[2024-01-15 10:00:55] [build-stdout] [2024-01-15 10:00:55] [autobuild]   Fix the issues identified by lint, or create a baseline to see only new errors:
[2024-01-15 10:00:55] [build-stdout] [2024-01-15 10:00:55] [autobuild]   ```
[2024-01-15 10:00:55] [build-stdout] [2024-01-15 10:00:55] [autobuild]   android {
[2024-01-15 10:00:55] [build-stdout] [2024-01-15 10:00:55] [autobuild]       lint {
[2024-01-15 10:00:55] [build-stdout] [2024-01-15 10:00:55] [autobuild]           baseline = file("lint-baseline.xml")
[2024-01-15 10:00:55] [build-stdout] [2024-01-15 10:00:55] [autobuild]       }
[2024-01-15 10:00:55] [build-stdout] [2024-01-15 10:00:55] [autobuild]   }
[2024-01-15 10:00:55] [build-stdout] [2024-01-15 10:00:55] [autobuild]   ```
[2024-01-15 10:00:55] [build-stdout] [2024-01-15 10:00:55] [autobuild]   
[2024-01-15 10:00:55] [build-stdout] [2024-01-15 10:00:55] [autobuild]   For more details, see https://developer.android.com/studio/write/lint#snapshot
[2024-01-15 10:00:55] [build-stdout] [2024-01-15 10:00:55] [autobuild] * Try:
[2024-01-15 10:00:55] [build-stdout] [2024-01-15 10:00:55] [autobuild] > Run with --info or --debug option to get more log output.
[2024-01-15 10:00:55] [build-stdout] [2024-01-15 10:00:55] [autobuild] > Run with --scan to get full insights.
[2024-01-15 10:00:55] [build-stdout] [2024-01-15 10:00:55] [autobuild] * Exception is:
[2024-01-15 10:00:55] [build-stdout] [2024-01-15 10:00:55] [autobuild] org.gradle.api.tasks.TaskExecutionException: Execution failed for task ':app:lintVitalRelease'.
[2024-01-15 10:00:55] [build-stdout] [2024-01-15 10:00:55] [autobuild] 	at org.gradle.api.internal.tasks.execution.ExecuteActionsTaskExecuter.lambda$executeIfValid$1(ExecuteActionsTaskExecuter.java:147)
[2024-01-15 10:00:55] [build-stdout] [2024-01-15 10:00:55] [autobuild] 	at org.gradle.internal.Try$Failure.ifSuccessfulOrElse(Try.java:282)
[2024-01-15 10:00:55] [build-stdout] [2024-01-15 10:00:55] [autobuild] 	at org.gradle.api.internal.tasks.execution.ExecuteActionsTaskExecuter.executeIfValid(ExecuteActionsTaskExecuter.java:145)
[2024-01-15 10:00:55] [build-stdout] [2024-01-15 10:00:55] [autobuild] 	at org.gradle.api.internal.tasks.execution.ExecuteActionsTaskExecuter.execute(ExecuteActionsTaskExecuter.java:133)
[2024-01-15 10:00:55] [build-stdout] [2024-01-15 10:00:55] [autobuild] 	at org.gradle.api.internal.tasks.execution.CleanupStaleOutputsExecuter.execute(CleanupStaleOutputsExecuter.java:77)
[2024-01-15 10:00:55] [build-stdout] [2024-01-15 10:00:55] [autobuild] 	at org.gradle.api.internal.tasks.execution.FinalizePropertiesTaskExecuter.execute(FinalizePropertiesTaskExecuter.java:46)
[2024-01-15 10:00:55] [build-stdout] [2024-01-15 10:00:55] [autobuild] 	at org.gradle.api.internal.tasks.execution.ResolveTaskExecutionModeExecuter.execute(ResolveTaskExecutionModeExecuter.java:51)
[2024-01-15 10:00:55] [build-stdout] [2024-01-15 10:00:55] [autobuild] 	at org.gradle.api.internal.tasks.execution.SkipTaskWithNoActionsExecuter.execute(SkipTaskWithNoActionsExecuter.java:57)
[2024-01-15 10:00:55] [build-stdout] [2024-01-15 10:00:55] [autobuild] 	at org.gradle.api.internal.tasks.execution.SkipOnlyIfTaskExecuter.execute(SkipOnlyIfTaskExecuter.java:56)
[2024-01-15 10:00:55] [build-stdout] [2024-01-15 10:00:55] [autobuild] 	at org.gradle.api.internal.tasks.execution.CatchExceptionTaskExecuter.execute(CatchExceptionTaskExecuter.java:36)
[2024-01-15 10:00:55] [build-stdout] [2024-01-15 10:00:55] [autobuild] 	at org.gradle.api.internal.tasks.execution.EventFiringTaskExecuter$1.executeTask(EventFiringTaskExecuter.java:77)
[2024-01-15 10:00:55] [build-stdout] [2024-01-15 10:00:55] [autobuild] 	at org.gradle.api.internal.tasks.execution.EventFiringTaskExecuter$1.call(EventFiringTaskExecuter.java:55)
[2024-01-15 10:00:55] [build-stdout] [2024-01-15 10:00:55] [autobuild] 	at org.gradle.api.internal.tasks.execution.EventFiringTaskExecuter$1.call(EventFiringTaskExecuter.java:52)
[2024-01-15 10:00:55] [build-stdout] [2024-01-15 10:00:55] [autobuild] 	at org.gradle.internal.operations.DefaultBuildOperationRunner$CallableBuildOperationWorker.execute(DefaultBuildOperationRunner.java:204)
[2024-01-15 10:00:55] [build-stdout] [2024-01-15 10:00:55] [autobuild] 	at org.gradle.internal.operations.DefaultBuildOperationRunner$CallableBuildOperationWorker.execute(DefaultBuildOperationRunner.java:199)
[2024-01-15 10:00:55] [build-stdout] [2024-01-15 10:00:55] [autobuild] 	at org.gradle.internal.operations.DefaultBuildOperationRunner$2.execute(DefaultBuildOperationRunner.java:66)
[2024-01-15 10:00:55] [build-stdout] [2024-01-15 10:00:55] [autobuild] 	at org.gradle.internal.operations.DefaultBuildOperationRunner$2.execute(DefaultBuildOperationRunner.java:59)
[2024-01-15 10:00:55] [build-stdout] [2024-01-15 10:00:55] [autobuild] 	at org.gradle.internal.operations.DefaultBuildOperationRunner.execute(DefaultBuildOperationRunner.java:157)
[2024-01-15 10:00:55] [build-stdout] [2024-01-15 10:00:55] [autobuild] 	at org.gradle.internal.operations.DefaultBuildOperationRunner.execute(DefaultBuildOperationRunner.java:59)
[2024-01-15 10:00:55] [build-stdout] [2024-01-15 10:00:55] [autobuild] 	at org.gradle.internal.operations.DefaultBuildOperationRunner.call(DefaultBuildOperationRunner.java:53)
[2024-01-15 10:00:55] [build-stdout] [2024-01-15 10:00:55] [autobuild] 	at org.gradle.internal.operations.DefaultBuildOperationExecutor.call(DefaultBuildOperationExecutor.java:73)
[2024-01-15 10:00:55] [build-stdout] [2024-01-15 10:00:55] [autobuild] 	at org.gradle.api.internal.tasks.execution.EventFiringTaskExecuter.execute(EventFiringTaskExecuter.java:52)
[2024-01-15 10:00:55] [build-stdout] [2024-01-15 10:00:55] [autobuild] 	at org.gradle.execution.plan.LocalTaskNodeExecutor.execute(LocalTaskNodeExecutor.java:74)
[2024-01-15 10:00:55] [build-stdout] [2024-01-15 10:00:55] [autobuild] 	at org.gradle.execution.taskgraph.DefaultTaskExecutionGraph$InvokeNodeExecutorsAction.execute(DefaultTaskExecutionGraph.java:333)
[2024-01-15 10:00:55] [build-stdout] [2024-01-15 10:00:55] [autobuild] 	at org.gradle.execution.taskgraph.DefaultTaskExecutionGraph$InvokeNodeExecutorsAction.execute(DefaultTaskExecutionGraph.java:320)
[2024-01-15 10:00:55] [build-stdout] [2024-01-15 10:00:55] [autobuild] 	at org.gradle.execution.taskgraph.DefaultTaskExecutionGraph$BuildOperationAwareExecutionAction.execute(DefaultTaskExecutionGraph.java:313)
[2024-01-15 10:00:55] [build-stdout] [2024-01-15 10:00:55] [autobuild] 	at org.gradle.execution.taskgraph.DefaultTaskExecutionGraph$BuildOperationAwareExecutionAction.execute(DefaultTaskExecutionGraph.java:299)
[2024-01-15 10:00:55] [build-stdout] [2024-01-15 10:00:55] [autobuild] 	at org.gradle.execution.plan.DefaultPlanExecutor$ExecutorWorker.lambda$run$0(DefaultPlanExecutor.java:143)
[2024-01-15 10:00:55] [build-stdout] [2024-01-15 10:00:55] [autobuild] 	at org.gradle.execution.plan.DefaultPlanExecutor$ExecutorWorker.execute(DefaultPlanExecutor.java:227)
[2024-01-15 10:00:55] [build-stdout] [2024-01-15 10:00:55] [autobuild] 	at org.gradle.execution.plan.DefaultPlanExecutor$ExecutorWorker.executeNextNode(DefaultPlanExecutor.java:218)
[2024-01-15 10:00:55] [build-stdout] [2024-01-15 10:00:55] [autobuild] 	at org.gradle.execution.plan.DefaultPlanExecutor$ExecutorWorker.run(DefaultPlanExecutor.java:140)
[2024-01-15 10:00:55] [build-stdout] [2024-01-15 10:00:55] [autobuild] 	at org.gradle.internal.concurrent.ExecutorPolicy$CatchAndRecordFailures.onExecute(ExecutorPolicy.java:64)
[2024-01-15 10:00:55] [build-stdout] [2024-01-15 10:00:55] [autobuild] 	at org.gradle.internal.concurrent.ManagedExecutorImpl$1.run(ManagedExecutorImpl.java:48)
[2024-01-15 10:00:55] [build-stdout] [2024-01-15 10:00:55] [autobuild] 	at java.base/java.util.concurrent.ThreadPoolExecutor.runWorker(ThreadPoolExecutor.java:1136)
[2024-01-15 10:00:55] [build-stdout] [2024-01-15 10:00:55] [autobuild] 	at java.base/java.util.concurrent.ThreadPoolExecutor$Worker.run(ThreadPoolExecutor.java:635)
[2024-01-15 10:00:55] [build-stdout] [2024-01-15 10:00:55] [autobuild] 	at java.base/java.lang.Thread.run(Thread.java:833)
[2024-01-15 10:00:55] [build-stdout] [2024-01-15 10:00:55] [autobuild] Caused by: java.lang.RuntimeException: Lint found fatal errors while assembling a release target.
[2024-01-15 10:00:55] [build-stdout] [2024-01-15 10:00:55] [autobuild] Fix the issues identified by lint, or create a baseline to see only new errors:
[2024-01-15 10:00:55] [build-stdout] [2024-01-15 10:00:55] [autobuild] ```
[2024-01-15 10:00:55] [build-stdout] [2024-01-15 10:00:55] [autobuild] android {
[2024-01-15 10:00:55] [build-stdout] [2024-01-15 10:00:55] [autobuild]     lint {
[2024-01-15 10:00:55] [build-stdout] [2024-01-15 10:00:55] [autobuild]         baseline = file("lint-baseline.xml")
[2024-01-15 10:00:55] [build-stdout] [2024-01-15 10:00:55] [autobuild]     }
[2024-01-15 10:00:55] [build-stdout] [2024-01-15 10:00:55] [autobuild] }
[2024-01-15 10:00:55] [build-stdout] [2024-01-15 10:00:55] [autobuild] ```
[2024-01-15 10:00:55] [build-stdout] [2024-01-15 10:00:55] [autobuild] For more details, see https://developer.android.com/studio/write/lint#snapshot
[2024-01-15 10:00:55] [build-stdout] [2024-01-15 10:00:55] [autobuild] 	at com.android.build.gradle.internal.lint.AndroidLintWorkAction$Companion.maybeThrowException(AndroidLintWorkAction.kt:226)
[2024-01-15 10:00:55] [build-stdout] [2024-01-15 10:00:55] [autobuild] 	at com.android.build.gradle.internal.lint.AndroidLintTextOutputTask.doTaskAction(AndroidLintTextOutputTask.kt:104)
[2024-01-15 10:00:55] [build-stdout] [2024-01-15 10:00:55] [autobuild] 	at com.android.build.gradle.internal.tasks.NonIncrementalTask$taskAction$$inlined$recordTaskAction$1.invoke(BaseTask.kt:66)
[2024-01-15 10:00:55] [build-stdout] [2024-01-15 10:00:55] [autobuild] 	at com.android.build.gradle.internal.tasks.Blocks.recordSpan(Blocks.java:51)
[2024-01-15 10:00:55] [build-stdout] [2024-01-15 10:00:55] [autobuild] 	at com.android.build.gradle.internal.tasks.NonIncrementalTask.taskAction(NonIncrementalTask.kt:97)
[2024-01-15 10:00:55] [build-stdout] [2024-01-15 10:00:55] [autobuild] 	at java.base/jdk.internal.reflect.DirectMethodHandleAccessor.invoke(DirectMethodHandleAccessor.java:104)
[2024-01-15 10:00:55] [build-stdout] [2024-01-15 10:00:55] [autobuild] 	at java.base/java.lang.reflect.Method.invoke(Method.java:577)
[2024-01-15 10:00:55] [build-stdout] [2024-01-15 10:00:55] [autobuild] 	at org.gradle.internal.reflect.JavaMethod.invoke(JavaMethod.java:104)
[2024-01-15 10:00:55] [build-stdout] [2024-01-15 10:00:55] [autobuild] 	at org.gradle.api.internal.project.taskfactory.StandardTaskAction.doExecute(StandardTaskAction.java:58)
[2024-01-15 10:00:55] [build-stdout] [2024-01-15 10:00:55] [autobuild] 	at org.gradle.api.internal.project.taskfactory.StandardTaskAction.execute(StandardTaskAction.java:51)
[2024-01-15 10:00:55] [build-stdout] [2024-01-15 10:00:55] [autobuild] 	at org.gradle.api.internal.project.taskfactory.StandardTaskAction.execute(StandardTaskAction.java:29)
[2024-01-15 10:00:55] [build-stdout] [2024-01-15 10:00:55] [autobuild] 	at org.gradle.api.internal.tasks.execution.TaskExecution$3.run(TaskExecution.java:242)
[2024-01-15 10:00:55] [build-stdout] [2024-01-15 10:00:55] [autobuild] 	at org.gradle.internal.operations.DefaultBuildOperationRunner$1.execute(DefaultBuildOperationRunner.java:29)
[2024-01-15 10:00:55] [build-stdout] [2024-01-15 10:00:55] [autobuild] 	at org.gradle.internal.operations.DefaultBuildOperationRunner$1.execute(DefaultBuildOperationRunner.java:26)
[2024-01-15 10:00:55] [build-stdout] [2024-01-15 10:00:55] [autobuild] 	at org.gradle.internal.operations.DefaultBuildOperationRunner$2.execute(DefaultBuildOperationRunner.java:66)
[2024-01-15 10:00:55] [build-stdout] [2024-01-15 10:00:55] [autobuild] 	at org.gradle.internal.operations.DefaultBuildOperationRunner$2.execute(DefaultBuildOperationRunner.java:59)
[2024-01-15 10:00:55] [build-stdout] [2024-01-15 10:00:55] [autobuild] 	at org.gradle.internal.operations.DefaultBuildOperationRunner.execute(DefaultBuildOperationRunner.java:157)
[2024-01-15 10:00:55] [build-stdout] [2024-01-15 10:00:55] [autobuild] 	at org.gradle.internal.operations.DefaultBuildOperationRunner.execute(DefaultBuildOperationRunner.java:59)
[2024-01-15 10:00:55] [build-stdout] [2024-01-15 10:00:55] [autobuild] 	at org.gradle.internal.operations.DefaultBuildOperationRunner.run(DefaultBuildOperationRunner.java:47)
[2024-01-15 10:00:55] [build-stdout] [2024-01-15 10:00:55] [autobuild] 	at org.gradle.internal.operations.DefaultBuildOperationExecutor.run(DefaultBuildOperationExecutor.java:68)
[2024-01-15 10:00:55] [build-stdout] [2024-01-15 10:00:55] [autobuild] 	at org.gradle.api.internal.tasks.execution.TaskExecution.executeAction(TaskExecution.java:227)
[2024-01-15 10:00:55] [build-stdout] [2024-01-15 10:00:55] [autobuild] 	at org.gradle.api.internal.tasks.execution.TaskExecution.executeActions(TaskExecution.java:210)
[2024-01-15 10:00:55] [build-stdout] [2024-01-15 10:00:55] [autobuild] 	at org.gradle.api.internal.tasks.execution.TaskExecution.executeWithPreviousOutputFiles(TaskExecution.java:193)
[2024-01-15 10:00:55] [build-stdout] [2024-01-15 10:00:55] [autobuild] 	at org.gradle.api.internal.tasks.execution.TaskExecution.execute(TaskExecution.java:171)
[2024-01-15 10:00:55] [build-stdout] [2024-01-15 10:00:55] [autobuild] 	at org.gradle.internal.execution.steps.ExecuteStep.executeInternal(ExecuteStep.java:89)
[2024-01-15 10:00:55] [build-stdout] [2024-01-15 10:00:55] [autobuild] 	at org.gradle.internal.execution.steps.ExecuteStep.access$000(ExecuteStep.java:40)
[2024-01-15 10:00:55] [build-stdout] [2024-01-15 10:00:55] [autobuild] 	at org.gradle.internal.execution.steps.ExecuteStep$1.call(ExecuteStep.java:53)
[2024-01-15 10:00:55] [build-stdout] [2024-01-15 10:00:55] [autobuild] 	at org.gradle.internal.execution.steps.ExecuteStep$1.call(ExecuteStep.java:50)
[2024-01-15 10:00:56] [build-stdout] [2024-01-15 10:00:55] [autobuild] 	at org.gradle.internal.operations.DefaultBuildOperationRunner$CallableBuildOperationWorker.execute(DefaultBuildOperationRunner.java:204)
[2024-01-15 10:00:56] [build-stdout] [2024-01-15 10:00:55] [autobuild] 	at org.gradle.internal.operations.DefaultBuildOperationRunner$CallableBuildOperationWorker.execute(DefaultBuildOperationRunner.java:199)
[2024-01-15 10:00:56] [build-stdout] [2024-01-15 10:00:55] [autobuild] 	at org.gradle.internal.operations.DefaultBuildOperationRunner$2.execute(DefaultBuildOperationRunner.java:66)
[2024-01-15 10:00:56] [build-stdout] [2024-01-15 10:00:55] [autobuild] 	at org.gradle.internal.operations.DefaultBuildOperationRunner$2.execute(DefaultBuildOperationRunner.java:59)
[2024-01-15 10:00:56] [build-stdout] [2024-01-15 10:00:55] [autobuild] 	at org.gradle.internal.operations.DefaultBuildOperationRunner.execute(DefaultBuildOperationRunner.java:157)
[2024-01-15 10:00:56] [build-stdout] [2024-01-15 10:00:55] [autobuild] 	at org.gradle.internal.operations.DefaultBuildOperationRunner.execute(DefaultBuildOperationRunner.java:59)
[2024-01-15 10:00:56] [build-stdout] [2024-01-15 10:00:55] [autobuild] 	at org.gradle.internal.operations.DefaultBuildOperationRunner.call(DefaultBuildOperationRunner.java:53)
[2024-01-15 10:00:56] [build-stdout] [2024-01-15 10:00:55] [autobuild] 	at org.gradle.internal.operations.DefaultBuildOperationExecutor.call(DefaultBuildOperationExecutor.java:73)
[2024-01-15 10:00:56] [build-stdout] [2024-01-15 10:00:55] [autobuild] 	at org.gradle.internal.execution.steps.ExecuteStep.execute(ExecuteStep.java:50)
[2024-01-15 10:00:56] [build-stdout] [2024-01-15 10:00:55] [autobuild] 	at org.gradle.internal.execution.steps.ExecuteStep.execute(ExecuteStep.java:40)
[2024-01-15 10:00:56] [build-stdout] [2024-01-15 10:00:55] [autobuild] 	at org.gradle.internal.execution.steps.RemovePreviousOutputsStep.execute(RemovePreviousOutputsStep.java:68)
[2024-01-15 10:00:56] [build-stdout] [2024-01-15 10:00:55] [autobuild] 	at org.gradle.internal.execution.steps.RemovePreviousOutputsStep.execute(RemovePreviousOutputsStep.java:38)
[2024-01-15 10:00:56] [build-stdout] [2024-01-15 10:00:55] [autobuild] 	at org.gradle.internal.execution.steps.ResolveInputChangesStep.execute(ResolveInputChangesStep.java:48)
[2024-01-15 10:00:56] [build-stdout] [2024-01-15 10:00:55] [autobuild] 	at org.gradle.internal.execution.steps.ResolveInputChangesStep.execute(ResolveInputChangesStep.java:36)
[2024-01-15 10:00:56] [build-stdout] [2024-01-15 10:00:55] [autobuild] 	at org.gradle.internal.execution.steps.CancelExecutionStep.execute(CancelExecutionStep.java:41)
[2024-01-15 10:00:56] [build-stdout] [2024-01-15 10:00:55] [autobuild] 	at org.gradle.internal.execution.steps.TimeoutStep.executeWithoutTimeout(TimeoutStep.java:74)
[2024-01-15 10:00:56] [build-stdout] [2024-01-15 10:00:55] [autobuild] 	at org.gradle.internal.execution.steps.TimeoutStep.execute(TimeoutStep.java:55)
[2024-01-15 10:00:56] [build-stdout] [2024-01-15 10:00:55] [autobuild] 	at org.gradle.internal.execution.steps.CreateOutputsStep.execute(CreateOutputsStep.java:51)
[2024-01-15 10:00:56] [build-stdout] [2024-01-15 10:00:55] [autobuild] 	at org.gradle.internal.execution.steps.CreateOutputsStep.execute(CreateOutputsStep.java:29)
[2024-01-15 10:00:56] [build-stdout] [2024-01-15 10:00:55] [autobuild] 	at org.gradle.internal.execution.steps.CaptureStateAfterExecutionStep.execute(CaptureStateAfterExecutionStep.java:61)
[2024-01-15 10:00:56] [build-stdout] [2024-01-15 10:00:55] [autobuild] 	at org.gradle.internal.execution.steps.CaptureStateAfterExecutionStep.execute(CaptureStateAfterExecutionStep.java:42)
[2024-01-15 10:00:56] [build-stdout] [2024-01-15 10:00:55] [autobuild] 	at org.gradle.internal.execution.steps.BroadcastChangingOutputsStep.execute(BroadcastChangingOutputsStep.java:60)
[2024-01-15 10:00:56] [build-stdout] [2024-01-15 10:00:55] [autobuild] 	at org.gradle.internal.execution.steps.BroadcastChangingOutputsStep.execute(BroadcastChangingOutputsStep.java:27)
[2024-01-15 10:00:56] [build-stdout] [2024-01-15 10:00:55] [autobuild] 	at org.gradle.internal.execution.steps.BuildCacheStep.executeWithoutCache(BuildCacheStep.java:180)
[2024-01-15 10:00:56] [build-stdout] [2024-01-15 10:00:55] [autobuild] 	at org.gradle.internal.execution.steps.BuildCacheStep.lambda$execute$1(BuildCacheStep.java:75)
[2024-01-15 10:00:56] [build-stdout] [2024-01-15 10:00:55] [autobuild] 	at org.gradle.internal.Either$Right.fold(Either.java:175)
[2024-01-15 10:00:56] [build-stdout] [2024-01-15 10:00:55] [autobuild] 	at org.gradle.internal.execution.caching.CachingState.fold(CachingState.java:59)
[2024-01-15 10:00:56] [build-stdout] [2024-01-15 10:00:55] [autobuild] 	at org.gradle.internal.execution.steps.BuildCacheStep.execute(BuildCacheStep.java:73)
[2024-01-15 10:00:56] [build-stdout] [2024-01-15 10:00:55] [autobuild] 	at org.gradle.internal.execution.steps.BuildCacheStep.execute(BuildCacheStep.java:48)
[2024-01-15 10:00:56] [build-stdout] [2024-01-15 10:00:55] [autobuild] 	at org.gradle.internal.execution.steps.StoreExecutionStateStep.execute(StoreExecutionStateStep.java:36)
[2024-01-15 10:00:56] [build-stdout] [2024-01-15 10:00:55] [autobuild] 	at org.gradle.internal.execution.steps.StoreExecutionStateStep.execute(StoreExecutionStateStep.java:25)
[2024-01-15 10:00:56] [build-stdout] [2024-01-15 10:00:55] [autobuild] 	at org.gradle.internal.execution.steps.RecordOutputsStep.execute(RecordOutputsStep.java:36)
[2024-01-15 10:00:56] [build-stdout] [2024-01-15 10:00:55] [autobuild] 	at org.gradle.internal.execution.steps.RecordOutputsStep.execute(RecordOutputsStep.java:22)
[2024-01-15 10:00:56] [build-stdout] [2024-01-15 10:00:55] [autobuild] 	at org.gradle.internal.execution.steps.SkipUpToDateStep.executeBecause(SkipUpToDateStep.java:110)
[2024-01-15 10:00:56] [build-stdout] [2024-01-15 10:00:56] [autobuild] 	at org.gradle.internal.execution.steps.SkipUpToDateStep.lambda$execute$2(SkipUpToDateStep.java:56)
[2024-01-15 10:00:56] [build-stdout] [2024-01-15 10:00:56] [autobuild] 	at java.base/java.util.Optional.orElseGet(Optional.java:364)
[2024-01-15 10:00:56] [build-stdout] [2024-01-15 10:00:56] [autobuild] 	at org.gradle.internal.execution.steps.SkipUpToDateStep.execute(SkipUpToDateStep.java:56)
[2024-01-15 10:00:56] [build-stdout] [2024-01-15 10:00:56] [autobuild] 	at org.gradle.internal.execution.steps.SkipUpToDateStep.execute(SkipUpToDateStep.java:38)
[2024-01-15 10:00:56] [build-stdout] [2024-01-15 10:00:56] [autobuild] 	at org.gradle.internal.execution.steps.ResolveChangesStep.execute(ResolveChangesStep.java:73)
[2024-01-15 10:00:56] [build-stdout] [2024-01-15 10:00:56] [autobuild] 	at org.gradle.internal.execution.steps.ResolveChangesStep.execute(ResolveChangesStep.java:44)
[2024-01-15 10:00:56] [build-stdout] [2024-01-15 10:00:56] [autobuild] 	at org.gradle.internal.execution.steps.legacy.MarkSnapshottingInputsFinishedStep.execute(MarkSnapshottingInputsFinishedStep.java:37)
[2024-01-15 10:00:56] [build-stdout] [2024-01-15 10:00:56] [autobuild] 	at org.gradle.internal.execution.steps.legacy.MarkSnapshottingInputsFinishedStep.execute(MarkSnapshottingInputsFinishedStep.java:27)
[2024-01-15 10:00:56] [build-stdout] [2024-01-15 10:00:56] [autobuild] 	at org.gradle.internal.execution.steps.ResolveCachingStateStep.execute(ResolveCachingStateStep.java:89)
[2024-01-15 10:00:56] [build-stdout] [2024-01-15 10:00:56] [autobuild] 	at org.gradle.internal.execution.steps.ResolveCachingStateStep.execute(ResolveCachingStateStep.java:50)
[2024-01-15 10:00:56] [build-stdout] [2024-01-15 10:00:56] [autobuild] 	at org.gradle.internal.execution.steps.ValidateStep.execute(ValidateStep.java:114)
[2024-01-15 10:00:56] [build-stdout] [2024-01-15 10:00:56] [autobuild] 	at org.gradle.internal.execution.steps.ValidateStep.execute(ValidateStep.java:57)
[2024-01-15 10:00:56] [build-stdout] [2024-01-15 10:00:56] [autobuild] 	at org.gradle.internal.execution.steps.CaptureStateBeforeExecutionStep.execute(CaptureStateBeforeExecutionStep.java:76)
[2024-01-15 10:00:56] [build-stdout] [2024-01-15 10:00:56] [autobuild] 	at org.gradle.internal.execution.steps.CaptureStateBeforeExecutionStep.execute(CaptureStateBeforeExecutionStep.java:50)
[2024-01-15 10:00:56] [build-stdout] [2024-01-15 10:00:56] [autobuild] 	at org.gradle.internal.execution.steps.SkipEmptyWorkStep.executeWithNoEmptySources(SkipEmptyWorkStep.java:249)
[2024-01-15 10:00:56] [build-stdout] [2024-01-15 10:00:56] [autobuild] 	at org.gradle.internal.execution.steps.SkipEmptyWorkStep.execute(SkipEmptyWorkStep.java:86)
[2024-01-15 10:00:56] [build-stdout] [2024-01-15 10:00:56] [autobuild] 	at org.gradle.internal.execution.steps.SkipEmptyWorkStep.execute(SkipEmptyWorkStep.java:54)
[2024-01-15 10:00:56] [build-stdout] [2024-01-15 10:00:56] [autobuild] 	at org.gradle.internal.execution.steps.RemoveUntrackedExecutionStateStep.execute(RemoveUntrackedExecutionStateStep.java:32)
[2024-01-15 10:00:56] [build-stdout] [2024-01-15 10:00:56] [autobuild] 	at org.gradle.internal.execution.steps.RemoveUntrackedExecutionStateStep.execute(RemoveUntrackedExecutionStateStep.java:21)
[2024-01-15 10:00:56] [build-stdout] [2024-01-15 10:00:56] [autobuild] 	at org.gradle.internal.execution.steps.legacy.MarkSnapshottingInputsStartedStep.execute(MarkSnapshottingInputsStartedStep.java:38)
[2024-01-15 10:00:56] [build-stdout] [2024-01-15 10:00:56] [autobuild] 	at org.gradle.internal.execution.steps.LoadPreviousExecutionStateStep.execute(LoadPreviousExecutionStateStep.java:43)
[2024-01-15 10:00:56] [build-stdout] [2024-01-15 10:00:56] [autobuild] 	at org.gradle.internal.execution.steps.LoadPreviousExecutionStateStep.execute(LoadPreviousExecutionStateStep.java:31)
[2024-01-15 10:00:56] [build-stdout] [2024-01-15 10:00:56] [autobuild] 	at org.gradle.internal.execution.steps.AssignWorkspaceStep.lambda$execute$0(AssignWorkspaceStep.java:40)
[2024-01-15 10:00:56] [build-stdout] [2024-01-15 10:00:56] [autobuild] 	at org.gradle.api.internal.tasks.execution.TaskExecution$4.withWorkspace(TaskExecution.java:287)
[2024-01-15 10:00:56] [build-stdout] [2024-01-15 10:00:56] [autobuild] 	at org.gradle.internal.execution.steps.AssignWorkspaceStep.execute(AssignWorkspaceStep.java:40)
[2024-01-15 10:00:56] [build-stdout] [2024-01-15 10:00:56] [autobuild] 	at org.gradle.internal.execution.steps.AssignWorkspaceStep.execute(AssignWorkspaceStep.java:30)
[2024-01-15 10:00:56] [build-stdout] [2024-01-15 10:00:56] [autobuild] 	at org.gradle.internal.execution.steps.IdentityCacheStep.execute(IdentityCacheStep.java:37)
[2024-01-15 10:00:56] [build-stdout] [2024-01-15 10:00:56] [autobuild] 	at org.gradle.internal.execution.steps.IdentityCacheStep.execute(IdentityCacheStep.java:27)
[2024-01-15 10:00:56] [build-stdout] [2024-01-15 10:00:56] [autobuild] 	at org.gradle.internal.execution.steps.IdentifyStep.execute(IdentifyStep.java:44)
[2024-01-15 10:00:56] [build-stdout] [2024-01-15 10:00:56] [autobuild] 	at org.gradle.internal.execution.steps.IdentifyStep.execute(IdentifyStep.java:33)
[2024-01-15 10:00:56] [build-stdout] [2024-01-15 10:00:56] [autobuild] 	at org.gradle.internal.execution.impl.DefaultExecutionEngine$1.execute(DefaultExecutionEngine.java:76)
[2024-01-15 10:00:56] [build-stdout] [2024-01-15 10:00:56] [autobuild] 	at org.gradle.api.internal.tasks.execution.ExecuteActionsTaskExecuter.executeIfValid(ExecuteActionsTaskExecuter.java:144)
[2024-01-15 10:00:56] [build-stdout] [2024-01-15 10:00:56] [autobuild] 	at org.gradle.api.internal.tasks.execution.ExecuteActionsTaskExecuter.execute(ExecuteActionsTaskExecuter.java:133)
[2024-01-15 10:00:56] [build-stdout] [2024-01-15 10:00:56] [autobuild] 	at org.gradle.api.internal.tasks.execution.CleanupStaleOutputsExecuter.execute(CleanupStaleOutputsExecuter.java:77)
[2024-01-15 10:00:56] [build-stdout] [2024-01-15 10:00:56] [autobuild] 	at org.gradle.api.internal.tasks.execution.FinalizePropertiesTaskExecuter.execute(FinalizePropertiesTaskExecuter.java:46)
[2024-01-15 10:00:56] [build-stdout] [2024-01-15 10:00:56] [autobuild] 	at org.gradle.api.internal.tasks.execution.ResolveTaskExecutionModeExecuter.execute(ResolveTaskExecutionModeExecuter.java:51)
[2024-01-15 10:00:56] [build-stdout] [2024-01-15 10:00:56] [autobuild] 	at org.gradle.api.internal.tasks.execution.SkipTaskWithNoActionsExecuter.execute(SkipTaskWithNoActionsExecuter.java:57)
[2024-01-15 10:00:56] [build-stdout] [2024-01-15 10:00:56] [autobuild] 	at org.gradle.api.internal.tasks.execution.SkipOnlyIfTaskExecuter.execute(SkipOnlyIfTaskExecuter.java:56)
[2024-01-15 10:00:56] [build-stdout] [2024-01-15 10:00:56] [autobuild] 	at org.gradle.api.internal.tasks.execution.CatchExceptionTaskExecuter.execute(CatchExceptionTaskExecuter.java:36)
[2024-01-15 10:00:56] [build-stdout] [2024-01-15 10:00:56] [autobuild] 	at org.gradle.api.internal.tasks.execution.EventFiringTaskExecuter$1.executeTask(EventFiringTaskExecuter.java:77)
[2024-01-15 10:00:56] [build-stdout] [2024-01-15 10:00:56] [autobuild] 	at org.gradle.api.internal.tasks.execution.EventFiringTaskExecuter$1.call(EventFiringTaskExecuter.java:55)
[2024-01-15 10:00:56] [build-stdout] [2024-01-15 10:00:56] [autobuild] 	at org.gradle.api.internal.tasks.execution.EventFiringTaskExecuter$1.call(EventFiringTaskExecuter.java:52)
[2024-01-15 10:00:56] [build-stdout] [2024-01-15 10:00:56] [autobuild] 	at org.gradle.internal.operations.DefaultBuildOperationRunner$CallableBuildOperationWorker.execute(DefaultBuildOperationRunner.java:204)
[2024-01-15 10:00:56] [build-stdout] [2024-01-15 10:00:56] [autobuild] 	at org.gradle.internal.operations.DefaultBuildOperationRunner$CallableBuildOperationWorker.execute(DefaultBuildOperationRunner.java:199)
[2024-01-15 10:00:56] [build-stdout] [2024-01-15 10:00:56] [autobuild] 	at org.gradle.internal.operations.DefaultBuildOperationRunner$2.execute(DefaultBuildOperationRunner.java:66)
[2024-01-15 10:00:56] [build-stdout] [2024-01-15 10:00:56] [autobuild] 	at org.gradle.internal.operations.DefaultBuildOperationRunner$2.execute(DefaultBuildOperationRunner.java:59)
[2024-01-15 10:00:56] [build-stdout] [2024-01-15 10:00:56] [autobuild] 	at org.gradle.internal.operations.DefaultBuildOperationRunner.execute(DefaultBuildOperationRunner.java:157)
[2024-01-15 10:00:56] [build-stdout] [2024-01-15 10:00:56] [autobuild] 73 actionable tasks: 71 executed, 2 up-to-date
[2024-01-15 10:00:56] [build-stdout] [2024-01-15 10:00:56] [autobuild] 	at org.gradle.internal.operations.DefaultBuildOperationRunner.execute(DefaultBuildOperationRunner.java:59)
[2024-01-15 10:00:56] [build-stdout] [2024-01-15 10:00:56] [autobuild] 	at org.gradle.internal.operations.DefaultBuildOperationRunner.call(DefaultBuildOperationRunner.java:53)
[2024-01-15 10:00:56] [build-stdout] [2024-01-15 10:00:56] [autobuild] 	at org.gradle.internal.operations.DefaultBuildOperationExecutor.call(DefaultBuildOperationExecutor.java:73)
[2024-01-15 10:00:56] [build-stdout] [2024-01-15 10:00:56] [autobuild] 	at org.gradle.api.internal.tasks.execution.EventFiringTaskExecuter.execute(EventFiringTaskExecuter.java:52)
[2024-01-15 10:00:56] [build-stdout] [2024-01-15 10:00:56] [autobuild] 	at org.gradle.execution.plan.LocalTaskNodeExecutor.execute(LocalTaskNodeExecutor.java:74)
[2024-01-15 10:00:56] [build-stdout] [2024-01-15 10:00:56] [autobuild] 	at org.gradle.execution.taskgraph.DefaultTaskExecutionGraph$InvokeNodeExecutorsAction.execute(DefaultTaskExecutionGraph.java:333)
[2024-01-15 10:00:56] [build-stdout] [2024-01-15 10:00:56] [autobuild] 	at org.gradle.execution.taskgraph.DefaultTaskExecutionGraph$InvokeNodeExecutorsAction.execute(DefaultTaskExecutionGraph.java:320)
[2024-01-15 10:00:56] [build-stdout] [2024-01-15 10:00:56] [autobuild] 	at org.gradle.execution.taskgraph.DefaultTaskExecutionGraph$BuildOperationAwareExecutionAction.execute(DefaultTaskExecutionGraph.java:313)
[2024-01-15 10:00:56] [build-stdout] [2024-01-15 10:00:56] [autobuild] 	at org.gradle.execution.taskgraph.DefaultTaskExecutionGraph$BuildOperationAwareExecutionAction.execute(DefaultTaskExecutionGraph.java:299)
[2024-01-15 10:00:56] [build-stdout] [2024-01-15 10:00:56] [autobuild] 	at org.gradle.execution.plan.DefaultPlanExecutor$ExecutorWorker.lambda$run$0(DefaultPlanExecutor.java:143)
[2024-01-15 10:00:56] [build-stdout] [2024-01-15 10:00:56] [autobuild] 	at org.gradle.execution.plan.DefaultPlanExecutor$ExecutorWorker.execute(DefaultPlanExecutor.java:227)
[2024-01-15 10:00:56] [build-stdout] [2024-01-15 10:00:56] [autobuild] 	at org.gradle.execution.plan.DefaultPlanExecutor$ExecutorWorker.executeNextNode(DefaultPlanExecutor.java:218)
[2024-01-15 10:00:56] [build-stdout] [2024-01-15 10:00:56] [autobuild] 	at org.gradle.execution.plan.DefaultPlanExecutor$ExecutorWorker.run(DefaultPlanExecutor.java:140)
[2024-01-15 10:00:56] [build-stdout] [2024-01-15 10:00:56] [autobuild] 	at org.gradle.internal.concurrent.ExecutorPolicy$CatchAndRecordFailures.onExecute(ExecutorPolicy.java:64)
[2024-01-15 10:00:56] [build-stdout] [2024-01-15 10:00:56] [autobuild] 	at org.gradle.internal.concurrent.ManagedExecutorImpl$1.run(ManagedExecutorImpl.java:48)
[2024-01-15 10:00:56] [build-stdout] [2024-01-15 10:00:56] [autobuild] 	at java.base/java.util.concurrent.ThreadPoolExecutor.runWorker(ThreadPoolExecutor.java:1136)
[2024-01-15 10:00:56] [build-stdout] [2024-01-15 10:00:56] [autobuild] 	at java.base/java.util.concurrent.ThreadPoolExecutor$Worker.run(ThreadPoolExecutor.java:635)
[2024-01-15 10:00:56] [build-stdout] [2024-01-15 10:00:56] [autobuild] 	at java.base/java.lang.Thread.run(Thread.java:833)
[2024-01-15 10:00:56] [build-stdout] [2024-01-15 10:00:56] [autobuild] * Get more help at https://help.gradle.org
[2024-01-15 10:00:56] [build-stdout] [2024-01-15 10:00:56] [autobuild] BUILD FAILED in 4m 56s
[2024-01-15 10:00:57] [build-stdout] [2024-01-15 10:00:57] [ERROR] Spawned process exited abnormally (code 1; tried to run: [C:\Users\Admin\Downloads\codeql\tools\win64\runner.exe, cmd.exe, /C, type, NUL, &&, gradlew.bat, --no-daemon, -S, -Dorg.gradle.dependency.verification=off, -Dorg.gradle.warning.mode=none, --init-script, C:\Users\Admin\AppData\Local\Temp\semmleTempDir-4\init.gradle, assemble])
[2024-01-15 10:00:57] [ERROR] Spawned process exited abnormally (code 1; tried to run: [C:\Users\Admin\Downloads\codeql\tools\win64\tracer.exe, C:\Users\Admin\Downloads\codeql\tools\win64\runner.exe, cmd.exe, /C, type, NUL, &&, C:\Users\Admin\Downloads\codeql\java\tools\autobuild.cmd])
[2024-01-15 10:00:57] Exception caught at top level: Exit status 1 from command: [C:\Users\Admin\Downloads\codeql\tools\win64\runner.exe, cmd.exe, /C, type, NUL, &&, C:\Users\Admin\Downloads\codeql\java\tools\autobuild.cmd]
                      com.semmle.cli2.Commandline.executeAndCheckResult(Commandline.java:170)
                      com.semmle.cli2.Commandline.runWithoutReturn(Commandline.java:123)
                      com.semmle.cli2.database.DatabaseProcessCommandCommon.executeSubcommand(DatabaseProcessCommandCommon.java:226)
                      com.semmle.cli2.database.TraceCommandCommand.executeSubcommand(TraceCommandCommand.java:110)
                      com.semmle.cli2.picocli.SubcommandCommon.lambda$executeSubcommandWithMessages$5(SubcommandCommon.java:803)
                      com.semmle.cli2.picocli.SubcommandCommon.withCompilationMessages(SubcommandCommon.java:442)
                      com.semmle.cli2.picocli.SubcommandCommon.executeSubcommandWithMessages(SubcommandCommon.java:801)
                      com.semmle.cli2.picocli.PlumbingRunner.run(PlumbingRunner.java:119)
                      com.semmle.cli2.picocli.SubcommandCommon.runPlumbingInProcess(SubcommandCommon.java:199)
                      com.semmle.cli2.database.CreateCommand.executeSubcommand(CreateCommand.java:180)
                      com.semmle.cli2.picocli.SubcommandCommon.lambda$executeSubcommandWithMessages$5(SubcommandCommon.java:803)
                      com.semmle.cli2.picocli.SubcommandCommon.withCompilationMessages(SubcommandCommon.java:442)
                      com.semmle.cli2.picocli.SubcommandCommon.executeSubcommandWithMessages(SubcommandCommon.java:801)
                      com.semmle.cli2.picocli.SubcommandCommon.toplevelMain(SubcommandCommon.java:685)
                      com.semmle.cli2.picocli.SubcommandCommon.call(SubcommandCommon.java:666)
                      com.semmle.cli2.picocli.SubcommandMaker.runMain(SubcommandMaker.java:237)
                      com.semmle.cli2.picocli.SubcommandMaker.runMain(SubcommandMaker.java:247)
                      com.semmle.cli2.CodeQL.main(CodeQL.java:115)
